{
  "RSpec": {
    "coverage": {
      "/mnt/c/Users/haridher/Desktop/Code/Repos/KANM-Show-Scheduling/app/helpers/admins_helper.rb": {
        "lines": [
          1,
          null
        ]
      },
      "/mnt/c/Users/haridher/Desktop/Code/Repos/KANM-Show-Scheduling/app/helpers/application_helper.rb": {
        "lines": [
          1,
          null
        ]
      },
      "/mnt/c/Users/haridher/Desktop/Code/Repos/KANM-Show-Scheduling/app/helpers/calendar_helper.rb": {
        "lines": [
          1,
          null
        ]
      },
      "/mnt/c/Users/haridher/Desktop/Code/Repos/KANM-Show-Scheduling/app/helpers/download_helper.rb": {
        "lines": [
          1,
          null
        ]
      },
      "/mnt/c/Users/haridher/Desktop/Code/Repos/KANM-Show-Scheduling/app/helpers/uploads_helper.rb": {
        "lines": [
          1,
          null
        ]
      },
      "/mnt/c/Users/haridher/Desktop/Code/Repos/KANM-Show-Scheduling/app/controllers/admins_controller.rb": {
        "lines": [
          1,
          1,
          1,
          1,
          null,
          null,
          1,
          2,
          null,
          null,
          null,
          1,
          1,
          null,
          null,
          null,
          1,
          1,
          null,
          null,
          null,
          1,
          null,
          null,
          null,
          1,
          4,
          null,
          4,
          4,
          4,
          2,
          null,
          4,
          2,
          null,
          null,
          null,
          null,
          null,
          1,
          4,
          4,
          4,
          2,
          null,
          4,
          2,
          null,
          null,
          null,
          null,
          null,
          1,
          2,
          null,
          2,
          4,
          2,
          null,
          null,
          null,
          1,
          null,
          1,
          8,
          null,
          null,
          null,
          1,
          8,
          null,
          null,
          1,
          16,
          null,
          null,
          1,
          16,
          1,
          1,
          null,
          null,
          null
        ]
      },
      "/mnt/c/Users/haridher/Desktop/Code/Repos/KANM-Show-Scheduling/app/controllers/application_controller.rb": {
        "lines": [
          1,
          null,
          null,
          1,
          null,
          1,
          null,
          1,
          null,
          null,
          null,
          13,
          null,
          null,
          1,
          null,
          null,
          51,
          null,
          null,
          1,
          null,
          49,
          7,
          null,
          null,
          null
        ]
      },
      "/mnt/c/Users/haridher/Desktop/Code/Repos/KANM-Show-Scheduling/app/controllers/calendar_controller.rb": {
        "lines": [
          1,
          1,
          1,
          1,
          1,
          1,
          null,
          null,
          1,
          1,
          24,
          24,
          24,
          null,
          null,
          null
        ]
      },
      "/mnt/c/Users/haridher/Desktop/Code/Repos/KANM-Show-Scheduling/app/controllers/download_controller.rb": {
        "lines": [
          1,
          null,
          1,
          1,
          2,
          null,
          2,
          1,
          1,
          null,
          1,
          null,
          1,
          1,
          null,
          1,
          null,
          1,
          null,
          null,
          null,
          1,
          null,
          1,
          1,
          null,
          null,
          1,
          1,
          null,
          null,
          1,
          1,
          null,
          null,
          1,
          1,
          1,
          2,
          2,
          null,
          null,
          null,
          null
        ]
      },
      "/mnt/c/Users/haridher/Desktop/Code/Repos/KANM-Show-Scheduling/app/controllers/login_controller.rb": {
        "lines": [
          1,
          1,
          null,
          1,
          2,
          1,
          null,
          null,
          null
        ]
      },
      "/mnt/c/Users/haridher/Desktop/Code/Repos/KANM-Show-Scheduling/app/controllers/sessions_controller.rb": {
        "lines": [
          1,
          1,
          null,
          null,
          1,
          1,
          1,
          null,
          null,
          1,
          null,
          null,
          null,
          1,
          2,
          2,
          null,
          2,
          1,
          1,
          1,
          null,
          1,
          1,
          null,
          null,
          null
        ]
      },
      "/mnt/c/Users/haridher/Desktop/Code/Repos/KANM-Show-Scheduling/app/controllers/uploads_controller.rb": {
        "lines": [
          1,
          1,
          3,
          3,
          null,
          null,
          3,
          2,
          null,
          null,
          1,
          null,
          1,
          null,
          1,
          1,
          null,
          null,
          1,
          null,
          null,
          1,
          null,
          1,
          3,
          null,
          null
        ]
      },
      "/mnt/c/Users/haridher/Desktop/Code/Repos/KANM-Show-Scheduling/app/controllers/welcome_controller.rb": {
        "lines": [
          1,
          1,
          null,
          12,
          null,
          null,
          12,
          null,
          null,
          1,
          7,
          null,
          4,
          null,
          3,
          null,
          0,
          null,
          null,
          null,
          1,
          null,
          1,
          4,
          4,
          2,
          null,
          2,
          null,
          null,
          null,
          1,
          4,
          null,
          null,
          1,
          3,
          2,
          2,
          null,
          1,
          null,
          null,
          null,
          1,
          0,
          null,
          null,
          null,
          1,
          null,
          1,
          2,
          null,
          2,
          null,
          2,
          4,
          null,
          null,
          null,
          1,
          null,
          1,
          2,
          null,
          null,
          1,
          4,
          null,
          4,
          4,
          null,
          null,
          null,
          null,
          1,
          2,
          null,
          2,
          2,
          null,
          2,
          null,
          1,
          1,
          1,
          null,
          1,
          null,
          1,
          null,
          null,
          1,
          1,
          1,
          1,
          7,
          168,
          null,
          null,
          null,
          1,
          null,
          1,
          1,
          null,
          null,
          1,
          null,
          1,
          2,
          null,
          2,
          2,
          96,
          null,
          null,
          2,
          2,
          41,
          41,
          41,
          null,
          null,
          null,
          null,
          1,
          null,
          586,
          586,
          50,
          null,
          536,
          null,
          null,
          null,
          1,
          273,
          273,
          273,
          545,
          545,
          null,
          273,
          273,
          null,
          null,
          1,
          null,
          41,
          41,
          41,
          41,
          41,
          41,
          null,
          null,
          41,
          39,
          null,
          null,
          null,
          null,
          null,
          null,
          null,
          null,
          null,
          null,
          null,
          null,
          null,
          null,
          null,
          null,
          null,
          null,
          null,
          null,
          null,
          null,
          null,
          null,
          null,
          null,
          null,
          null,
          null,
          null,
          1,
          null,
          2,
          null,
          null,
          null,
          null,
          null,
          null,
          null,
          null,
          null,
          null,
          null,
          null,
          null,
          null,
          null,
          null,
          null,
          null,
          null,
          null,
          null,
          null,
          null,
          null,
          null,
          null,
          null,
          null,
          null,
          null,
          null,
          null,
          null,
          null,
          null,
          null,
          null
        ]
      },
      "/mnt/c/Users/haridher/Desktop/Code/Repos/KANM-Show-Scheduling/app/models/admin.rb": {
        "lines": [
          1,
          1,
          1,
          1,
          1,
          null,
          null,
          1,
          1,
          null,
          null,
          null,
          1,
          1,
          2,
          null,
          null,
          null,
          1,
          62,
          4,
          null,
          null,
          null,
          1,
          null,
          null,
          1,
          62,
          null,
          null
        ]
      },
      "/mnt/c/Users/haridher/Desktop/Code/Repos/KANM-Show-Scheduling/app/models/application_record.rb": {
        "lines": [
          1,
          1,
          null
        ]
      },
      "/mnt/c/Users/haridher/Desktop/Code/Repos/KANM-Show-Scheduling/app/services/schedule_processor.rb": {
        "lines": [
          null,
          null,
          1,
          1,
          1,
          1,
          1,
          null,
          null,
          1,
          42,
          42,
          null,
          null,
          1,
          39,
          null,
          null,
          39,
          39,
          null,
          null,
          null,
          null,
          null,
          null,
          null,
          null,
          null,
          1,
          1,
          null,
          null,
          null,
          1,
          null,
          null,
          7,
          null,
          1,
          null,
          null,
          1,
          6,
          6,
          null,
          null,
          null,
          null,
          6,
          null,
          null,
          0,
          6,
          null,
          null,
          1,
          null,
          6,
          6,
          136,
          42,
          null,
          6,
          null,
          null,
          1,
          32,
          32,
          32,
          32,
          32,
          32,
          32,
          32,
          null,
          32,
          null,
          null,
          1,
          1,
          1,
          168,
          null,
          null,
          null,
          1,
          12,
          null,
          1,
          null,
          1,
          null,
          4,
          null,
          2,
          null,
          1,
          null,
          1,
          null,
          2,
          null,
          0,
          null,
          null,
          null,
          1,
          5,
          0,
          0,
          0,
          0,
          null,
          null,
          5,
          null,
          null,
          1,
          5,
          10,
          10,
          10,
          10,
          5,
          5,
          null,
          null,
          null,
          0,
          null,
          null,
          1,
          1,
          32,
          32,
          27,
          null,
          null,
          5,
          5,
          5,
          null,
          5,
          0,
          null,
          null,
          5,
          5,
          null,
          0,
          null,
          null,
          null,
          null,
          null,
          null,
          1,
          1,
          null,
          null,
          1,
          null,
          null,
          1,
          null,
          null,
          1,
          null,
          null,
          null,
          null,
          null,
          1,
          32,
          null,
          null,
          null,
          null,
          null,
          1,
          1,
          null,
          null
        ]
      },
      "/mnt/c/Users/haridher/Desktop/Code/Repos/KANM-Show-Scheduling/app/models/radio_jockey.rb": {
        "lines": [
          1,
          1,
          1,
          1,
          null,
          1,
          224,
          224,
          224,
          224,
          224,
          null,
          null
        ]
      },
      "/mnt/c/Users/haridher/Desktop/Code/Repos/KANM-Show-Scheduling/app/models/schedule_entry.rb": {
        "lines": [
          1,
          1,
          1,
          null,
          null,
          null
        ]
      }
    },
    "timestamp": 1730880398
  },
  "Cucumber Features": {
    "coverage": {
      "/mnt/c/Users/haridher/Desktop/Code/Repos/KANM-Show-Scheduling/app/models/admin.rb": {
        "lines": [
          1,
          1,
          1,
          1,
          1,
          null,
          null,
          1,
          20,
          null,
          null,
          null,
          1,
          7,
          14,
          null,
          null,
          null,
          1,
          141,
          2,
          null,
          null,
          null,
          1,
          null,
          null,
          1,
          141,
          null,
          null
        ]
      },
      "/mnt/c/Users/haridher/Desktop/Code/Repos/KANM-Show-Scheduling/app/models/application_record.rb": {
        "lines": [
          1,
          1,
          null
        ]
      },
      "/mnt/c/Users/haridher/Desktop/Code/Repos/KANM-Show-Scheduling/app/controllers/login_controller.rb": {
        "lines": [
          1,
          1,
          null,
          1,
          38,
          3,
          null,
          null,
          null
        ]
      },
      "/mnt/c/Users/haridher/Desktop/Code/Repos/KANM-Show-Scheduling/app/controllers/application_controller.rb": {
        "lines": [
          1,
          null,
          null,
          1,
          null,
          1,
          null,
          1,
          null,
          null,
          null,
          156,
          null,
          null,
          1,
          null,
          null,
          156,
          null,
          null,
          1,
          null,
          118,
          1,
          null,
          null,
          null
        ]
      },
      "/mnt/c/Users/haridher/Desktop/Code/Repos/KANM-Show-Scheduling/app/helpers/application_helper.rb": {
        "lines": [
          1,
          null
        ]
      },
      "/mnt/c/Users/haridher/Desktop/Code/Repos/KANM-Show-Scheduling/app/helpers/admins_helper.rb": {
        "lines": [
          1,
          null
        ]
      },
      "/mnt/c/Users/haridher/Desktop/Code/Repos/KANM-Show-Scheduling/app/helpers/calendar_helper.rb": {
        "lines": [
          1,
          null
        ]
      },
      "/mnt/c/Users/haridher/Desktop/Code/Repos/KANM-Show-Scheduling/app/helpers/download_helper.rb": {
        "lines": [
          1,
          null
        ]
      },
      "/mnt/c/Users/haridher/Desktop/Code/Repos/KANM-Show-Scheduling/app/helpers/uploads_helper.rb": {
        "lines": [
          1,
          null
        ]
      },
      "/mnt/c/Users/haridher/Desktop/Code/Repos/KANM-Show-Scheduling/app/controllers/sessions_controller.rb": {
        "lines": [
          1,
          1,
          null,
          null,
          1,
          2,
          2,
          null,
          null,
          1,
          null,
          null,
          null,
          1,
          54,
          54,
          null,
          54,
          50,
          50,
          50,
          null,
          4,
          4,
          null,
          null,
          null
        ]
      },
      "/mnt/c/Users/haridher/Desktop/Code/Repos/KANM-Show-Scheduling/app/controllers/welcome_controller.rb": {
        "lines": [
          1,
          1,
          null,
          79,
          null,
          null,
          79,
          null,
          null,
          1,
          5,
          null,
          2,
          null,
          3,
          null,
          0,
          null,
          null,
          null,
          1,
          null,
          1,
          2,
          2,
          1,
          null,
          1,
          null,
          null,
          null,
          1,
          2,
          null,
          null,
          1,
          3,
          2,
          2,
          null,
          1,
          null,
          null,
          null,
          1,
          0,
          null,
          null,
          null,
          1,
          null,
          1,
          2,
          null,
          2,
          null,
          2,
          2,
          null,
          null,
          null,
          1,
          null,
          1,
          2,
          null,
          null,
          1,
          2,
          null,
          2,
          2,
          null,
          null,
          null,
          null,
          1,
          1,
          null,
          1,
          1,
          null,
          1,
          null,
          0,
          0,
          0,
          null,
          1,
          null,
          1,
          null,
          null,
          1,
          1,
          1,
          1,
          7,
          168,
          null,
          null,
          null,
          1,
          null,
          1,
          1,
          null,
          null,
          1,
          null,
          1,
          2,
          null,
          2,
          2,
          96,
          null,
          null,
          2,
          2,
          41,
          41,
          41,
          null,
          null,
          null,
          null,
          1,
          null,
          586,
          586,
          50,
          null,
          536,
          null,
          null,
          null,
          1,
          273,
          273,
          273,
          545,
          545,
          null,
          273,
          273,
          null,
          null,
          1,
          null,
          41,
          41,
          41,
          41,
          41,
          41,
          null,
          null,
          41,
          39,
          null,
          null,
          null,
          null,
          null,
          null,
          null,
          null,
          null,
          null,
          null,
          null,
          null,
          null,
          null,
          null,
          null,
          null,
          null,
          null,
          null,
          null,
          null,
          null,
          null,
          null,
          null,
          null,
          null,
          null,
          1,
          null,
          2,
          null,
          null,
          null,
          null,
          null,
          null,
          null,
          null,
          null,
          null,
          null,
          null,
          null,
          null,
          null,
          null,
          null,
          null,
          null,
          null,
          null,
          null,
          null,
          null,
          null,
          null,
          null,
          null,
          null,
          null,
          null,
          null,
          null,
          null,
          null,
          null,
          null
        ]
      },
      "/mnt/c/Users/haridher/Desktop/Code/Repos/KANM-Show-Scheduling/app/controllers/calendar_controller.rb": {
        "lines": [
          1,
          1,
          2,
          2,
          2,
          2,
          null,
          null,
          1,
          2,
          48,
          48,
          48,
          null,
          null,
          null
        ]
      },
      "/mnt/c/Users/haridher/Desktop/Code/Repos/KANM-Show-Scheduling/app/models/radio_jockey.rb": {
        "lines": [
          1,
          1,
          1,
          1,
          null,
          1,
          231,
          231,
          231,
          231,
          231,
          null,
          null
        ]
      },
      "/mnt/c/Users/haridher/Desktop/Code/Repos/KANM-Show-Scheduling/app/models/schedule_entry.rb": {
        "lines": [
          1,
          1,
          1,
          null,
          null,
          null
        ]
      },
      "/mnt/c/Users/haridher/Desktop/Code/Repos/KANM-Show-Scheduling/app/controllers/download_controller.rb": {
        "lines": [
          1,
          null,
          1,
          1,
          1,
          null,
          1,
          1,
          1,
          null,
          1,
          null,
          1,
          1,
          null,
          1,
          null,
          0,
          null,
          null,
          null,
          1,
          null,
          1,
          1,
          null,
          null,
          1,
          1,
          null,
          null,
          1,
          1,
          null,
          null,
          1,
          1,
          1,
          1,
          1,
          null,
          null,
          null,
          null
        ]
      },
      "/mnt/c/Users/haridher/Desktop/Code/Repos/KANM-Show-Scheduling/app/controllers/admins_controller.rb": {
        "lines": [
          1,
          1,
          1,
          1,
          null,
          null,
          1,
          7,
          null,
          null,
          null,
          1,
          5,
          null,
          null,
          null,
          1,
          3,
          null,
          null,
          null,
          1,
          null,
          null,
          null,
          1,
          3,
          null,
          3,
          3,
          4,
          2,
          null,
          2,
          1,
          null,
          null,
          null,
          null,
          null,
          1,
          2,
          2,
          2,
          1,
          null,
          2,
          1,
          null,
          null,
          null,
          null,
          null,
          1,
          1,
          null,
          1,
          2,
          1,
          null,
          null,
          null,
          1,
          null,
          1,
          10,
          null,
          null,
          null,
          1,
          5,
          null,
          null,
          1,
          25,
          null,
          null,
          1,
          25,
          2,
          2,
          null,
          null,
          null
        ]
      },
      "/mnt/c/Users/haridher/Desktop/Code/Repos/KANM-Show-Scheduling/app/services/schedule_processor.rb": {
        "lines": [
          null,
          null,
          1,
          1,
          1,
          1,
          1,
          null,
          null,
          1,
          44,
          44,
          null,
          null,
          1,
          40,
          null,
          null,
          40,
          40,
          null,
          null,
          null,
          null,
          null,
          null,
          null,
          null,
          null,
          1,
          1,
          null,
          null,
          null,
          1,
          null,
          null,
          7,
          null,
          1,
          null,
          null,
          1,
          7,
          7,
          null,
          null,
          null,
          null,
          7,
          null,
          null,
          0,
          7,
          null,
          null,
          1,
          null,
          7,
          7,
          106,
          37,
          null,
          7,
          null,
          null,
          1,
          33,
          33,
          33,
          33,
          33,
          33,
          33,
          33,
          null,
          33,
          null,
          null,
          1,
          2,
          2,
          170,
          null,
          null,
          null,
          1,
          14,
          null,
          1,
          null,
          1,
          null,
          4,
          null,
          2,
          null,
          1,
          null,
          1,
          null,
          2,
          null,
          2,
          null,
          null,
          null,
          1,
          5,
          0,
          0,
          0,
          0,
          null,
          null,
          5,
          null,
          null,
          1,
          5,
          10,
          10,
          10,
          10,
          5,
          5,
          null,
          null,
          null,
          0,
          null,
          null,
          1,
          1,
          32,
          32,
          27,
          null,
          null,
          5,
          5,
          5,
          null,
          5,
          0,
          null,
          null,
          5,
          5,
          null,
          0,
          null,
          null,
          null,
          null,
          null,
          null,
          1,
          1,
          null,
          null,
          1,
          null,
          null,
          1,
          null,
          null,
          1,
          null,
          null,
          null,
          null,
          null,
          1,
          32,
          null,
          null,
          null,
          null,
          null,
          1,
          1,
          null,
          null
        ]
      },
      "/mnt/c/Users/haridher/Desktop/Code/Repos/KANM-Show-Scheduling/app/controllers/uploads_controller.rb": {
        "lines": [
          1,
          1,
          3,
          3,
          null,
          null,
          3,
          1,
          null,
          null,
          2,
          null,
          2,
          null,
          2,
          2,
          null,
          null,
          2,
          null,
          null,
          1,
          null,
          1,
          3,
          null,
          null
        ]
      }
    },
    "timestamp": 1730880370
  }
}
